{"ts":"2023-08-01T12:42:19.167","sev":"info","k":"app-config","v":"appDir: C:\\Program Files\\Tableau\\Tableau Prep Builder 2023.2\\resources\\app","pid":9492}
{"ts":"2023-08-01T12:42:19.167","sev":"info","k":"app-config","v":"sampleFlowsDirectory: C:\\Program Files\\Tableau\\Tableau Prep Builder 2023.2\\help\\Samples","pid":9492}
{"ts":"2023-08-01T12:42:19.167","sev":"info","k":"app-config","v":"perfVizTemplatePath: C:\\Program Files\\Tableau\\Tableau Prep Builder 2023.2\\help\\Templates","pid":9492}
{"ts":"2023-08-01T12:42:19.167","sev":"info","k":"app-config-env","v":{"appDir":"C:\\Program Files\\Tableau\\Tableau Prep Builder 2023.2\\resources\\app","iconDir":"C:\\Program Files\\Tableau\\Tableau Prep Builder 2023.2\\resources\\app\\icons","isDevEnlistment":false,"perfVizTemplateDirectory":"C:\\Program Files\\Tableau\\Tableau Prep Builder 2023.2\\help\\Templates","restApiJarPath":"C:\\Program Files\\Tableau\\Tableau Prep Builder 2023.2\\resources\\app\\loom-rest-api-1.0-SNAPSHOT.jar","sampleFlowsDirectory":"C:\\Program Files\\Tableau\\Tableau Prep Builder 2023.2\\help\\Samples"},"pid":9492}
{"ts":"2023-08-01T12:42:19.168","sev":"info","k":"app-config-raw-command-line","v":{"argv":["","C:\\Program Files\\Tableau\\Tableau Prep Builder 2023.2\\Tableau Prep Builder.exe"]},"pid":9492}
{"ts":"2023-08-01T12:42:19.170","sev":"info","k":"app-config","v":"Setting thumbprint file to C:\\Users\\ADMINI~1\\AppData\\Local\\Temp\\tmp-9492-u3pre2XFvtU2","pid":9492}
{"ts":"2023-08-01T12:42:19.170","sev":"info","k":"app-config-command-line","v":{"settings":{"thumbprintFile":"C:\\Users\\ADMINI~1\\AppData\\Local\\Temp\\tmp-9492-u3pre2XFvtU2"},"settingsFilePaths":[],"quit":false},"pid":9492}
{"ts":"2023-08-01T12:42:19.173","sev":"info","k":"app-utils","v":"build version: 23.20.23.0613.1550","pid":9492}
{"ts":"2023-08-01T12:42:19.173","sev":"info","k":"app-utils","v":"getBuildVersion = 23.20.23.0613.1550","pid":9492}
{"ts":"2023-08-01T12:42:19.173","sev":"info","k":"app-utils","v":"isLocallyPackaged = false","pid":9492}
{"ts":"2023-08-01T12:42:19.173","sev":"info","k":"app-config","v":"Using external settings file settings-23.20.23.0613.1550.json","pid":9492}
{"ts":"2023-08-01T12:42:19.174","sev":"info","k":"app-config-read-settings-file","v":{"settingsFilePath":"C:\\Program Files\\Tableau\\Tableau Prep Builder 2023.2\\resources\\app\\default-settings.json","settings":{"featureFlags":{"addCredentials":true,"adpCustomDataRole":true,"adpFuzzyMatchSuggestion":true,"adpPivotSuggestion":true,"autoUpdate":false,"BlockNonHyperOnUploadAndPublish":false,"binningAnalyzerCreator":true,"cacheLicenseState":true,"ConductorErrorImprovement":true,"connectToDialog":true,"connectionDialogOAuth":true,"convertAllRootCollationToBinary":true,"copyFromDatagrid":true,"copyPasteNodeProperties":true,"customRoles":false,"dataSourceWithUserReferenceAsInput":true,"databaseVariablesAndParameters":true,"datagridPlaceholders":true,"datagridShowStaleData":true,"endeavourTelemetryOnFrontend":true,"exportAsVersion":false,"extensibleProtocolServerConnector":true,"explicitDatabaseRefreshForInputNodes":false,"fieldFilteringGridToDataGridConversion":true,"findAndReplaceValues":false,"flexibleColumnReordering":true,"flowEdgeGraphRevamp":true,"flowPermissions":false,"flowTags":true,"flowlets":true,"futureFeature":false,"fuzzyClusteringFastMatch":true,"fuzzyClusteringSlider":true,"fuzzyMatchCDR":true,"GenerateRowNumber":true,"galleryConnectors":true,"improvedFeedback":true,"incrementalRefresh":true,"incrementalRefreshInputUnion":false,"inputNodeBulkEdit":true,"inputStepRelativeDateFilter":true,"joinClauseDrawingStatuses":false,"localizationFrenchCanadaLanguage":true,"localizationSwedishThaiLanguages":true,"lodCalcs":true,"lookupQuickCalcsAndExpression":true,"maestro.featureFlags.uiCRMAnalytics":true,"maxDataSamplingOption":true,"MinervaQueryCacheEnabled":true,"oauthServiceEnabled":true,"outputFieldMatching":true,"perfRecording":false,"pivotOnMultiSelect":true,"pluginConnectorRegistry":true,"primaryKeyValidation":false,"profilePaneCardMotionAnimation":false,"profilePaneKeyboardNavigation":false,"changesPaneProminentFieldNames":false,"propagateMonolithErrorMessage":true,"refreshDatasource":false,"replaceInputNodeDropTarget":true,"richConditionFilter":false,"scalingThreadPool":true,"serverStickiness":true,"showHideColumns":true,"skipExplicitTypeCastForNull":true,"slowMetadataAddButton":false,"spatialTypeSupported":true,"stratifiedSamplingOption":false,"superTransformNodes":true,"transformationToasts":false,"virtualConnections":true,"vizportalAdaptorPerfRefactor":true,"webVersioning":false,"wildcardExtension":true,"wildcardExtensionSql":false,"writeToCRMAnalytics":true,"prepConductorAwarenessEnabled":true,"mixedContentConnectToForPrep":false,"useMinervaClientConnectivity":true,"useMinervaClientListHyperFunctions":false,"timestampOutput":true,"enableDataConnections":false,"IDSLoosenMaestroVizPortalVersionCheck":true,"PrometheusFlows":false},"barChartMotionAnimationEnabled":true,"allowMultipleInstances":false}},"pid":9492}
{"ts":"2023-08-01T12:42:19.174","sev":"info","k":"app-config","v":"Settings file doesn't exist: C:\\Users\\Administrator\\Documents\\My Tableau Prep Repository\\Settings\\settings-23.20.23.0613.1550.json","pid":9492}
{"ts":"2023-08-01T12:42:19.174","sev":"info","k":"app-config-settings","v":{"featureFlags":{"addCredentials":true,"adpCustomDataRole":true,"adpFuzzyMatchSuggestion":true,"adpPivotSuggestion":true,"autoUpdate":false,"BlockNonHyperOnUploadAndPublish":false,"binningAnalyzerCreator":true,"cacheLicenseState":true,"ConductorErrorImprovement":true,"connectToDialog":true,"connectionDialogOAuth":true,"convertAllRootCollationToBinary":true,"copyFromDatagrid":true,"copyPasteNodeProperties":true,"customRoles":false,"dataSourceWithUserReferenceAsInput":true,"databaseVariablesAndParameters":true,"datagridPlaceholders":true,"datagridShowStaleData":true,"endeavourTelemetryOnFrontend":true,"exportAsVersion":false,"extensibleProtocolServerConnector":true,"explicitDatabaseRefreshForInputNodes":false,"fieldFilteringGridToDataGridConversion":true,"findAndReplaceValues":false,"flexibleColumnReordering":true,"flowEdgeGraphRevamp":true,"flowPermissions":false,"flowTags":true,"flowlets":true,"futureFeature":false,"fuzzyClusteringFastMatch":true,"fuzzyClusteringSlider":true,"fuzzyMatchCDR":true,"GenerateRowNumber":true,"galleryConnectors":true,"improvedFeedback":true,"incrementalRefresh":true,"incrementalRefreshInputUnion":false,"inputNodeBulkEdit":true,"inputStepRelativeDateFilter":true,"joinClauseDrawingStatuses":false,"localizationFrenchCanadaLanguage":true,"localizationSwedishThaiLanguages":true,"lodCalcs":true,"lookupQuickCalcsAndExpression":true,"maestro.featureFlags.uiCRMAnalytics":true,"maxDataSamplingOption":true,"MinervaQueryCacheEnabled":true,"oauthServiceEnabled":true,"outputFieldMatching":true,"perfRecording":false,"pivotOnMultiSelect":true,"pluginConnectorRegistry":true,"primaryKeyValidation":false,"profilePaneCardMotionAnimation":false,"profilePaneKeyboardNavigation":false,"changesPaneProminentFieldNames":false,"propagateMonolithErrorMessage":true,"refreshDatasource":false,"replaceInputNodeDropTarget":true,"richConditionFilter":false,"scalingThreadPool":true,"serverStickiness":true,"showHideColumns":true,"skipExplicitTypeCastForNull":true,"slowMetadataAddButton":false,"spatialTypeSupported":true,"stratifiedSamplingOption":false,"superTransformNodes":true,"transformationToasts":false,"virtualConnections":true,"vizportalAdaptorPerfRefactor":true,"webVersioning":false,"wildcardExtension":true,"wildcardExtensionSql":false,"writeToCRMAnalytics":true,"prepConductorAwarenessEnabled":true,"mixedContentConnectToForPrep":false,"useMinervaClientConnectivity":true,"useMinervaClientListHyperFunctions":false,"timestampOutput":true,"enableDataConnections":false,"IDSLoosenMaestroVizPortalVersionCheck":true,"PrometheusFlows":false},"barChartMotionAnimationEnabled":true,"allowMultipleInstances":false,"recordTelemetry":false,"thumbprintFile":"C:\\Users\\ADMINI~1\\AppData\\Local\\Temp\\tmp-9492-u3pre2XFvtU2"},"pid":9492}
{"ts":"2023-08-01T12:42:19.175","sev":"info","k":"single-instance-app","v":"Attempting to get singleInstaceLock","pid":9492}
{"ts":"2023-08-01T12:42:19.176","sev":"info","k":"single-instance-app","v":"Got the lock. This is the main process.","pid":9492}
{"ts":"2023-08-01T12:42:19.176","sev":"info","k":"app-start","v":"Installing test hooks","pid":9492}
{"ts":"2023-08-01T12:42:19.176","sev":"info","k":"test-hooks","v":"installing testApiHook listener on IPC channel: testApi/quit-app","pid":9492}
{"ts":"2023-08-01T12:42:19.176","sev":"info","k":"app-start","v":{"version":"23.20.23.0613.1550","pid":9492},"pid":9492}
{"ts":"2023-08-01T12:42:19.209","sev":"info","k":"app-ready","v":"","pid":9492}
{"ts":"2023-08-01T12:42:19.212","sev":"info","k":"init-settings-cache","v":{"persistentSettingsCache":{}},"pid":9492}
{"ts":"2023-08-01T12:42:19.212","sev":"info","k":"app-start","v":"Persistent settings have been initialized. Detected this is the first launch of this version","pid":9492}
{"ts":"2023-08-01T12:42:19.212","sev":"info","k":"localization","v":"OS UI locale is en-US","pid":9492}
{"ts":"2023-08-01T12:42:19.212","sev":"info","k":"localization","v":"Using OS UI locale because no app language has been set.","pid":9492}
{"ts":"2023-08-01T12:42:19.212","sev":"info","k":"app-start","v":"App is using locale en_US for text","pid":9492}
{"ts":"2023-08-01T12:42:19.216","sev":"info","k":"app-start","v":"Timebomb is set to: false","pid":9492}
{"ts":"2023-08-01T12:42:19.220","sev":"info","k":"app-start","v":"Repository language is en_US","pid":9492}
{"ts":"2023-08-01T12:42:19.221","sev":"warn","k":"repository","v":"C:\\Users\\Administrator\\Documents\\My Tableau Prep Repository does not exist. Will try to create it.","pid":9492}
{"ts":"2023-08-01T12:42:19.222","sev":"warn","k":"repository","v":"C:\\Users\\Administrator\\Documents\\My Tableau Prep Repository\\Datasources does not exist. Will try to create it.","pid":9492}
{"ts":"2023-08-01T12:42:19.222","sev":"warn","k":"repository","v":"C:\\Users\\Administrator\\Documents\\My Tableau Prep Repository\\Flows does not exist. Will try to create it.","pid":9492}
{"ts":"2023-08-01T12:42:19.223","sev":"warn","k":"repository","v":"C:\\Users\\Administrator\\Documents\\My Tableau Prep Repository\\Logs does not exist. Will try to create it.","pid":9492}
{"ts":"2023-08-01T12:42:19.223","sev":"warn","k":"repository","v":"C:\\Users\\Administrator\\Documents\\My Tableau Prep Repository\\Recovered Flows does not exist. Will try to create it.","pid":9492}
{"ts":"2023-08-01T12:42:19.224","sev":"warn","k":"repository","v":"C:\\Users\\Administrator\\Documents\\My Tableau Prep Repository\\Connectors does not exist. Will try to create it.","pid":9492}
{"ts":"2023-08-01T12:42:19.226","sev":"info","k":"repository","v":"Repository location is C:\\Users\\Administrator\\Documents\\My Tableau Prep Repository","pid":9492}
{"ts":"2023-08-01T12:42:19.228","sev":"info","k":"app-start","v":"Datasources folder is C:\\Users\\Administrator\\Documents\\My Tableau Prep Repository\\Datasources","pid":9492}
{"ts":"2023-08-01T12:42:19.229","sev":"info","k":"app-start","v":"Recommendations are enabled","pid":9492}
{"ts":"2023-08-01T12:42:19.229","sev":"info","k":"app-start","v":"Compatibility Mode is enabled","pid":9492}
{"ts":"2023-08-01T12:42:19.229","sev":"info","k":"app-start","v":"Data Management Awareness is disabled","pid":9492}
{"ts":"2023-08-01T12:42:19.386","sev":"info","k":"splash-screen","v":{},"pid":9492}
{"ts":"2023-08-01T12:42:19.470","sev":"info","k":"backend-process-manager-client","v":"starting BackendProcessManager...","pid":9492}
{"ts":"2023-08-01T12:42:19.480","sev":"info","k":"backend-process-manager-client","v":{"msg":"BackedProcessManager started","pid":11676},"pid":9492}
{"ts":"2023-08-01T12:42:19.480","sev":"info","k":"backend-process-manager-client","v":"sending configuration message","pid":9492}
{"ts":"2023-08-01T12:42:19.772","sev":"info","k":"splash-screen","v":"dom-ready: Showing","pid":9492}
{"ts":"2023-08-01T12:42:29.743","sev":"info","k":"backend-process-manager-client","v":{"msg":"received message from BackendProcessManager process","ipcMessage":{"type":"backend-start-success","backendConfig":{"port":49912}}},"pid":9492}
{"ts":"2023-08-01T12:42:29.743","sev":"info","k":"app-start","v":"Started backend. Will send requests to https://127.0.0.1:49912/","pid":9492}
{"ts":"2023-08-01T12:42:29.743","sev":"info","k":"app-start","v":"Querying to see if telemetry is enabled.","pid":9492}
{"ts":"2023-08-01T12:42:29.743","sev":"info","k":"get-telemetry-enabled","v":{"msg":"checking if telemetry is enabled","backendRootUrl":"https://127.0.0.1:49912/"},"pid":9492}
{"ts":"2023-08-01T12:42:30.045","sev":"info","k":"app-start","v":"Telemetry enabled? false","pid":9492}
{"ts":"2023-08-01T12:42:30.046","sev":"info","k":"localization","v":"Querying to get os user locale.","pid":9492}
{"ts":"2023-08-01T12:42:30.062","sev":"info","k":"localization","v":"OS user locale is en_CA","pid":9492}
{"ts":"2023-08-01T12:42:30.062","sev":"info","k":"app-start","v":"App is using locale en_CA for formatting","pid":9492}
{"ts":"2023-08-01T12:42:30.090","sev":"info","k":"app-start","v":"Checking if the product is licensed.","pid":9492}
{"ts":"2023-08-01T12:42:37.950","sev":"info","k":"app-start","v":"Got license state license-ok","pid":9492}
{"ts":"2023-08-01T12:42:37.951","sev":"info","k":"app-start","v":"License retrieved and window title updated.","pid":9492}
{"ts":"2023-08-01T12:42:37.951","sev":"info","k":"app-start","v":"Checking for existing PrepWindowManager before creating a new instance","pid":9492}
{"ts":"2023-08-01T12:42:37.951","sev":"warn","k":"ServiceRegistry","v":"service Symbol(PrepWindowManager) not found in service registry","pid":9492}
{"ts":"2023-08-01T12:42:37.951","sev":"info","k":"app-start","v":"No PrepWindowManager currently registered. Creating a PrepWindowManager to manage windows","pid":9492}
{"ts":"2023-08-01T12:42:37.956","sev":"info","k":"prep-window-manager","v":"Opening a new prep window","pid":9492}
{"ts":"2023-08-01T12:42:37.957","sev":"info","k":"prep-window","v":{"browserWindowOptions":{"width":1366,"height":768,"minWidth":740,"minHeight":555,"backgroundColor":"#f8f8f8","title":"Tableau Prep Builder","show":false,"useContentSize":false,"fullscreenable":true,"enableLargerThanScreen":false,"webPreferences":{"preload":"C:\\Program Files\\Tableau\\Tableau Prep Builder 2023.2\\resources\\app\\PreloadPrepWindow.js","webviewTag":true,"allowRunningInsecureContent":false}}},"pid":9492}
{"ts":"2023-08-01T12:42:37.964","sev":"info","k":"prep-window","v":{"contentSize":[1264,701]},"pid":9492}
{"ts":"2023-08-01T12:42:38.098","sev":"info","k":"get-user-type","v":"Got user type: 2","pid":9492}
{"ts":"2023-08-01T12:42:40.416","sev":"info","k":"prep-window","v":"Client ready","pid":9492}
{"ts":"2023-08-01T12:42:40.417","sev":"info","k":"prep-window","v":"Setting sample flow paths to C:\\Program Files\\Tableau\\Tableau Prep Builder 2023.2\\help\\Samples\\en_US\\Superstore.tflx,C:\\Program Files\\Tableau\\Tableau Prep Builder 2023.2\\help\\Samples\\en_US\\WorldIndicators.tflx","pid":9492}
{"ts":"2023-08-01T12:42:40.417","sev":"info","k":"prep-window","v":"Setting perf viz template path to C:\\Program Files\\Tableau\\Tableau Prep Builder 2023.2\\help\\Templates\\en_US\\PerformanceRecordingTemplatev101.twbx","pid":9492}
{"ts":"2023-08-01T12:42:40.417","sev":"info","k":"prep-window","v":"Done handling clientReady event","pid":9492}
{"ts":"2023-08-01T12:42:40.442","sev":"info","k":"rest-api-call-begin","v":{"method":"POST","path":"/api/autosave/getAvailableDrafts"},"pid":8396}
{"ts":"2023-08-01T12:42:40.512","sev":"info","k":"ui-callbacks","v":"Setting modal dialog visibility: true","pid":9492}
{"ts":"2023-08-01T12:42:40.512","sev":"info","k":"menu","v":"Attempting refresh of the main menu.","pid":9492}
{"ts":"2023-08-01T12:42:40.512","sev":"info","k":"menu","v":"Refreshing of the main menu.","pid":9492}
{"ts":"2023-08-01T12:42:40.514","sev":"info","k":"ui-callbacks","v":"Setting the window to be closeable: false","pid":9492}
{"ts":"2023-08-01T12:42:40.725","sev":"info","k":"splash-screen","v":"Hiding splash screen. Window Destroyed.","pid":9492}
{"ts":"2023-08-01T12:42:40.728","sev":"info","k":"menu","v":"Attempting refresh of the main menu.","pid":9492}
{"ts":"2023-08-01T12:42:40.728","sev":"info","k":"menu","v":"Refreshing of the main menu.","pid":9492}
{"ts":"2023-08-01T12:42:40.862","sev":"info","k":"rest-api-call-begin","v":{"method":"GET","path":"/api/flows/versioning?localFile=C%3A%5CProgram%20Files%5CTableau%5CTableau%20Prep%20Builder%202023.2%5Chelp%5CSamples%5Cen_US%5CSuperstore.tflx"},"pid":8396}
{"ts":"2023-08-01T12:42:40.880","sev":"info","k":"rest-api-call-begin","v":{"method":"GET","path":"/api/startupTimings"},"pid":8396}
{"ts":"2023-08-01T12:42:40.885","sev":"info","k":"rest-api-call-end","v":{"method":"GET","path":"/api/extensibility/credentials/rSupport","elapsed":0.5893000000000466,"jsonParseTime":0.00010000000009313225},"pid":8396}
{"ts":"2023-08-01T12:42:40.886","sev":"info","k":"rest-api-call-end","v":{"method":"GET","path":"/api/extensibility/credentials/pythonSupport","elapsed":0.5903000000000466,"jsonParseTime":0},"pid":8396}
{"ts":"2023-08-01T12:42:40.892","sev":"info","k":"rest-api-call-end","v":{"method":"GET","path":"/api/functions","elapsed":0.5893000000000466,"jsonParseTime":0.0011000000000931322},"pid":8396}
{"ts":"2023-08-01T12:42:40.898","sev":"info","k":"rest-api-call-end","v":{"method":"GET","path":"/api/mruFlows","elapsed":0.5806999999999535,"jsonParseTime":0},"pid":8396}
{"ts":"2023-08-01T12:42:40.953","sev":"info","k":"menu","v":"Attempting refresh of the main menu.","pid":9492}
{"ts":"2023-08-01T12:42:40.954","sev":"info","k":"menu","v":"Refreshing of the main menu.","pid":9492}
{"ts":"2023-08-01T12:42:40.972","sev":"info","k":"rest-api-call-begin","v":{"method":"GET","path":"/api/flows/versioning?localFile=C%3A%5CProgram%20Files%5CTableau%5CTableau%20Prep%20Builder%202023.2%5Chelp%5CSamples%5Cen_US%5CSuperstore.tflx"},"pid":8396}
{"ts":"2023-08-01T12:42:40.975","sev":"info","k":"rest-api-call-end","v":{"method":"GET","path":"/api/crashReporting/newCrashDumpExists","elapsed":0.6256000000000931,"jsonParseTime":0},"pid":8396}
{"ts":"2023-08-01T12:42:40.975","sev":"info","k":"rest-api-call-end","v":{"method":"GET","path":"/api/vizportalApi/tableauServerInfo","elapsed":0.6036999999999534,"jsonParseTime":0},"pid":8396}
{"ts":"2023-08-01T12:42:40.977","sev":"info","k":"rest-api-call-end","v":{"method":"POST","path":"/api/autosave/getAvailableDrafts","elapsed":0.5345999999998603,"jsonParseTime":0},"pid":8396}
{"ts":"2023-08-01T12:42:41.163","sev":"info","k":"rest-api-call-begin","v":{"method":"POST","path":"/api/connectivity-utils/connectors/2"},"pid":8396}
{"ts":"2023-08-01T12:42:41.185","sev":"info","k":"rest-api-call-end","v":{"method":"GET","path":"/api/startupTimings","elapsed":0.30569999999995345,"jsonParseTime":0},"pid":8396}
{"ts":"2023-08-01T12:42:41.193","sev":"info","k":"startup-complete","v":{"app":{"licenseCheckStart":11.106,"licenseCheckComplete":18.966,"splashScreenHidden":21.743},"ui":{"initScriptLoaded":19.133,"configurationLoaded":19.727,"localizationLoaded":19.806,"initialRenderComplete":21.737},"backend":{"springServletInitialized":10.702,"springAppStarting":3.251,"nativeApiReady":18.556,"nativeApiStarting":8.476,"jvmStartTime":0.903}},"pid":8396}
{"ts":"2023-08-01T12:42:41.194","sev":"debug","k":"startup-resource-timings","v":{"entries":[{"name":"https://127.0.0.1:49912/static/init.js?1686697582547","startTime":135.9000000001397,"duration":7.199999999953434,"fetchStart":135.9000000001397,"domainLookupStart":135.9000000001397,"domainLookupEnd":135.9000000001397,"connectStart":135.9000000001397,"connectEnd":135.9000000001397,"secureConnectionStart":135.9000000001397,"requestStart":136.69999999995343,"responseStart":141.80000000004657,"responseEnd":143.10000000009313,"transferSize":6091,"encodedBodySize":5791,"decodedBodySize":32870},{"name":"https://127.0.0.1:49912/api/configuration","startTime":146.9000000001397,"duration":591.5,"fetchStart":146.9000000001397,"domainLookupStart":146.9000000001397,"domainLookupEnd":146.9000000001397,"connectStart":146.9000000001397,"connectEnd":146.9000000001397,"secureConnectionStart":146.9000000001397,"requestStart":148.10000000009313,"responseStart":737.3000000000466,"responseEnd":738.4000000001397,"transferSize":1806,"encodedBodySize":1506,"decodedBodySize":3929},{"name":"https://127.0.0.1:49912/static/compiled-locales/messages.en_US.js?1686697582547","startTime":739.9000000001397,"duration":32.799999999813735,"fetchStart":739.9000000001397,"domainLookupStart":739.9000000001397,"domainLookupEnd":739.9000000001397,"connectStart":739.9000000001397,"connectEnd":739.9000000001397,"secureConnectionStart":739.9000000001397,"requestStart":741,"responseStart":757,"responseEnd":772.6999999999534,"transferSize":94577,"encodedBodySize":94277,"decodedBodySize":781332},{"name":"https://127.0.0.1:49912/static/compiled-locales/formatters-and-parsers.en_CA.js?1686697582547","startTime":740.1999999999534,"duration":17.800000000046566,"fetchStart":740.1999999999534,"domainLookupStart":744.1000000000931,"domainLookupEnd":744.1000000000931,"connectStart":744.1000000000931,"connectEnd":750.4000000001397,"secureConnectionStart":744.5,"requestStart":750.4000000001397,"responseStart":755.1000000000931,"responseEnd":758,"transferSize":12226,"encodedBodySize":11926,"decodedBodySize":50393},{"name":"https://127.0.0.1:49912/static/vendor.js?1686697582547","startTime":818.5,"duration":556.1999999999534,"fetchStart":818.5,"domainLookupStart":818.5,"domainLookupEnd":818.5,"connectStart":818.5,"connectEnd":818.5,"secureConnectionStart":818.5,"requestStart":819.5,"responseStart":827.6999999999534,"responseEnd":1374.6999999999534,"transferSize":3086133,"encodedBodySize":3085833,"decodedBodySize":16755711},{"name":"https://127.0.0.1:49912/static/app.js?1686697582547","startTime":818.9000000001397,"duration":503.79999999981374,"fetchStart":818.9000000001397,"domainLookupStart":818.9000000001397,"domainLookupEnd":818.9000000001397,"connectStart":818.9000000001397,"connectEnd":818.9000000001397,"secureConnectionStart":818.9000000001397,"requestStart":819.6000000000931,"responseStart":829.6000000000931,"responseEnd":1322.6999999999534,"transferSize":2636204,"encodedBodySize":2635904,"decodedBodySize":22143043},{"name":"https://galleryapi.tableau.com/connectors/?version=0.0&lang=en_US","startTime":2319.100000000093,"duration":598.5999999998603,"fetchStart":2319.100000000093,"domainLookupStart":0,"domainLookupEnd":0,"connectStart":0,"connectEnd":0,"secureConnectionStart":0,"requestStart":0,"responseStart":0,"responseEnd":2917.6999999999534,"transferSize":0,"encodedBodySize":0,"decodedBodySize":0},{"name":"https://127.0.0.1:49912/api/extensibility/credentials/rSupport","startTime":2323.6999999999534,"duration":42.9000000001397,"fetchStart":2323.6999999999534,"domainLookupStart":2323.6999999999534,"domainLookupEnd":2323.6999999999534,"connectStart":2323.6999999999534,"connectEnd":2323.6999999999534,"secureConnectionStart":2323.6999999999534,"requestStart":2324.4000000001397,"responseStart":2362.1999999999534,"responseEnd":2366.600000000093,"transferSize":346,"encodedBodySize":46,"decodedBodySize":20},{"name":"https://127.0.0.1:49912/api/extensibility/credentials/pythonSupport","startTime":2324.1999999999534,"duration":37.700000000186265,"fetchStart":2324.1999999999534,"domainLookupStart":2328.4000000001397,"domainLookupEnd":2328.4000000001397,"connectStart":2328.4000000001397,"connectEnd":2335.8000000000466,"secureConnectionStart":2328.6999999999534,"requestStart":2335.9000000001397,"responseStart":2358.5,"responseEnd":2361.9000000001397,"transferSize":346,"encodedBodySize":46,"decodedBodySize":20},{"name":"https://127.0.0.1:49912/api/functions","startTime":2333,"duration":53.300000000046566,"fetchStart":2333,"domainLookupStart":2337.9000000001397,"domainLookupEnd":2338,"connectStart":2338,"connectEnd":2344.8000000000466,"secureConnectionStart":2338.1999999999534,"requestStart":2344.9000000001397,"responseStart":2384.4000000001397,"responseEnd":2386.3000000000466,"transferSize":6244,"encodedBodySize":5944,"decodedBodySize":203036},{"name":"https://127.0.0.1:49912/api/mruFlows","startTime":2345.600000000093,"duration":30.5999999998603,"fetchStart":2345.600000000093,"domainLookupStart":2350.8000000000466,"domainLookupEnd":2350.8000000000466,"connectStart":2350.8000000000466,"connectEnd":2356.600000000093,"secureConnectionStart":2351.100000000093,"requestStart":2356.6999999999534,"responseStart":2370.600000000093,"responseEnd":2376.1999999999534,"transferSize":403,"encodedBodySize":103,"decodedBodySize":88},{"name":"https://127.0.0.1:49912/api/crashReporting/newCrashDumpExists","startTime":2379.100000000093,"duration":29.399999999906868,"fetchStart":2379.100000000093,"domainLookupStart":2379.100000000093,"domainLookupEnd":2379.100000000093,"connectStart":2379.100000000093,"connectEnd":2379.100000000093,"secureConnectionStart":2379.100000000093,"requestStart":2388.8000000000466,"responseStart":2407.100000000093,"responseEnd":2408.5,"transferSize":362,"encodedBodySize":62,"decodedBodySize":36},{"name":"https://127.0.0.1:49912/api/vizportalApi/tableauServerInfo","startTime":2399.9000000001397,"duration":35.699999999953434,"fetchStart":2399.9000000001397,"domainLookupStart":2399.9000000001397,"domainLookupEnd":2399.9000000001397,"connectStart":2399.9000000001397,"connectEnd":2399.9000000001397,"secureConnectionStart":2399.9000000001397,"requestStart":2414.6999999999534,"responseStart":2433.9000000001397,"responseEnd":2435.600000000093,"transferSize":353,"encodedBodySize":53,"decodedBodySize":27},{"name":"https://127.0.0.1:49912/api/autosave/getAvailableDrafts","startTime":2499.1999999999534,"duration":19.4000000001397,"fetchStart":2499.1999999999534,"domainLookupStart":2499.1999999999534,"domainLookupEnd":2499.1999999999534,"connectStart":2499.1999999999534,"connectEnd":2499.1999999999534,"secureConnectionStart":2499.1999999999534,"requestStart":2501.100000000093,"responseStart":2517,"responseEnd":2518.600000000093,"transferSize":329,"encodedBodySize":29,"decodedBodySize":3},{"name":"https://127.0.0.1:49912/static/Prep_Startscreen_VideoThumb.3246d11df45ee2238acf.png","startTime":2572.5,"duration":14,"fetchStart":2572.5,"domainLookupStart":2572.5,"domainLookupEnd":2572.5,"connectStart":2572.5,"connectEnd":2572.5,"secureConnectionStart":2572.5,"requestStart":2580,"responseStart":2585.3000000000466,"responseEnd":2586.5,"transferSize":27852,"encodedBodySize":27552,"decodedBodySize":27732},{"name":"https://127.0.0.1:49912/static/Tableau-Bold.e6a19671d6f6def5e24b.woff2","startTime":2574,"duration":377.19999999995343,"fetchStart":2574,"domainLookupStart":2574,"domainLookupEnd":2574,"connectStart":2574,"connectEnd":2574,"secureConnectionStart":2574,"requestStart":2850.6999999999534,"responseStart":2944.9000000001397,"responseEnd":2951.1999999999534,"transferSize":94012,"encodedBodySize":93712,"decodedBodySize":93660},{"name":"https://127.0.0.1:49912/static/Tableau-Regular.67b20339c824aa2e0ae7.woff2","startTime":2574.4000000001397,"duration":377,"fetchStart":2574.4000000001397,"domainLookupStart":2574.4000000001397,"domainLookupEnd":2574.4000000001397,"connectStart":2574.4000000001397,"connectEnd":2574.4000000001397,"secureConnectionStart":2574.4000000001397,"requestStart":2850.9000000001397,"responseStart":2943.9000000001397,"responseEnd":2951.4000000001397,"transferSize":105756,"encodedBodySize":105456,"decodedBodySize":105396},{"name":"https://127.0.0.1:49912/api/startupTimings","startTime":2908,"duration":103.5,"fetchStart":2908,"domainLookupStart":2908,"domainLookupEnd":2908,"connectStart":2908,"connectEnd":2908,"secureConnectionStart":2908,"requestStart":2952,"responseStart":3008.600000000093,"responseEnd":3011.5,"transferSize":444,"encodedBodySize":144,"decodedBodySize":202}]},"pid":8396}
{"ts":"2023-08-01T12:42:41.315","sev":"info","k":"rest-api-call-end","v":{"method":"POST","path":"/api/connectivity-utils/connectors/2","elapsed":0.15180000000004656,"jsonParseTime":0.00010000000009313225},"pid":8396}
{"ts":"2023-08-01T12:42:42.470","sev":"info","k":"rest-api-call-end","v":{"method":"GET","path":"/api/cacheOperations/getSemanticRoles","elapsed":2.1763000000000465,"jsonParseTime":0.00010000000009313225},"pid":8396}
{"ts":"2023-08-01T12:42:43.667","sev":"info","k":"rest-api-call-end","v":{"method":"GET","path":"/api/flows/versioning?localFile=C%3A%5CProgram%20Files%5CTableau%5CTableau%20Prep%20Builder%202023.2%5Chelp%5CSamples%5Cen_US%5CSuperstore.tflx","elapsed":2.805100000000093,"jsonParseTime":0.0014000000001396984},"pid":8396}
{"ts":"2023-08-01T12:42:44.234","sev":"info","k":"rest-api-call-end","v":{"method":"GET","path":"/api/flows/versioning?localFile=C%3A%5CProgram%20Files%5CTableau%5CTableau%20Prep%20Builder%202023.2%5Chelp%5CSamples%5Cen_US%5CSuperstore.tflx","elapsed":3.2616999999999536,"jsonParseTime":0.0005},"pid":8396}
{"ts":"2023-08-01T12:42:44.229","sev":"info","k":"menu","v":"Attempting refresh of the main menu.","pid":9492}
{"ts":"2023-08-01T12:42:44.229","sev":"info","k":"menu","v":"Refreshing of the main menu.","pid":9492}
{"ts":"2023-08-01T12:42:44.241","sev":"info","k":"rest-api-call-begin","v":{"method":"GET","path":"/api/flows/versioning?localFile=C%3A%5CProgram%20Files%5CTableau%5CTableau%20Prep%20Builder%202023.2%5Chelp%5CSamples%5Cen_US%5CWorldIndicators.tflx"},"pid":8396}
{"ts":"2023-08-01T12:42:44.976","sev":"info","k":"rest-api-call-end","v":{"method":"GET","path":"/api/flows/versioning?localFile=C%3A%5CProgram%20Files%5CTableau%5CTableau%20Prep%20Builder%202023.2%5Chelp%5CSamples%5Cen_US%5CWorldIndicators.tflx","elapsed":0.7354000000001397,"jsonParseTime":0.001},"pid":8396}
{"ts":"2023-08-01T12:42:44.971","sev":"info","k":"menu","v":"Attempting refresh of the main menu.","pid":9492}
{"ts":"2023-08-01T12:42:44.971","sev":"info","k":"menu","v":"Refreshing of the main menu.","pid":9492}
{"ts":"2023-08-01T12:43:09.920","sev":"info","k":"ui-callbacks","v":"Setting modal dialog visibility: false","pid":9492}
{"ts":"2023-08-01T12:43:09.920","sev":"info","k":"menu","v":"Attempting refresh of the main menu.","pid":9492}
{"ts":"2023-08-01T12:43:09.920","sev":"info","k":"menu","v":"Refreshing of the main menu.","pid":9492}
{"ts":"2023-08-01T12:43:09.922","sev":"info","k":"ui-callbacks","v":"Setting the window to be closeable: true","pid":9492}
{"ts":"2023-08-01T12:43:17.457","sev":"info","k":"rest-api-call-begin","v":{"method":"GET","path":"/api/licensing/licenses"},"pid":8396}
{"ts":"2023-08-01T12:43:17.556","sev":"info","k":"rest-api-call-end","v":{"method":"GET","path":"/api/licensing/licenses","elapsed":0.0994000000001397,"jsonParseTime":0},"pid":8396}
{"ts":"2023-08-01T12:43:17.552","sev":"info","k":"ui-callbacks","v":"Setting modal dialog visibility: true","pid":9492}
{"ts":"2023-08-01T12:43:17.552","sev":"info","k":"menu","v":"Attempting refresh of the main menu.","pid":9492}
{"ts":"2023-08-01T12:43:17.552","sev":"info","k":"menu","v":"Refreshing of the main menu.","pid":9492}
{"ts":"2023-08-01T12:43:17.554","sev":"info","k":"ui-callbacks","v":"Setting the window to be closeable: false","pid":9492}
{"ts":"2023-08-01T12:43:26.193","sev":"info","k":"ui-callbacks","v":"Setting modal dialog visibility: false","pid":9492}
{"ts":"2023-08-01T12:43:26.194","sev":"info","k":"menu","v":"Attempting refresh of the main menu.","pid":9492}
{"ts":"2023-08-01T12:43:26.194","sev":"info","k":"menu","v":"Refreshing of the main menu.","pid":9492}
{"ts":"2023-08-01T12:43:26.195","sev":"info","k":"ui-callbacks","v":"Setting the window to be closeable: true","pid":9492}
{"ts":"2023-08-01T12:43:27.938","sev":"info","k":"prep-window","v":"Close event received.","pid":9492}
{"ts":"2023-08-01T12:43:27.939","sev":"info","k":"prep-window","v":"Sending request to close","pid":9492}
{"ts":"2023-08-01T12:43:27.943","sev":"info","k":"rest-api-call-begin","v":{"method":"POST","path":"/api/mruFlows"},"pid":8396}
{"ts":"2023-08-01T12:43:27.952","sev":"info","k":"rest-api-call-end","v":{"method":"POST","path":"/api/mruFlows","elapsed":0.008799999999813736,"jsonParseTime":0},"pid":8396}
{"ts":"2023-08-01T12:43:27.949","sev":"info","k":"prep-window","v":"Ready to close","pid":9492}
{"ts":"2023-08-01T12:43:27.960","sev":"info","k":"prep-window-manager","v":"Window 2 has closed","pid":9492}
{"ts":"2023-08-01T12:43:27.963","sev":"info","k":"app-window-all-closed","v":"","pid":9492}
{"ts":"2023-08-01T12:43:27.963","sev":"info","k":"app-shutdown","v":"quitApp has been called","pid":9492}
{"ts":"2023-08-01T12:43:27.963","sev":"info","k":"prep-window-manager","v":"Closing all windows","pid":9492}
{"ts":"2023-08-01T12:43:27.963","sev":"info","k":"single-instance-app","v":"Releasing the single instance lock","pid":9492}
{"ts":"2023-08-01T12:43:27.964","sev":"info","k":"single-instance-app","v":"Single instance lock released","pid":9492}
{"ts":"2023-08-01T12:43:27.964","sev":"warn","k":"ServiceRegistry","v":"service Symbol(BackendManager) not found in service registry","pid":9492}
{"ts":"2023-08-01T12:43:27.964","sev":"info","k":"before-quit","v":"","pid":9492}
{"ts":"2023-08-01T12:43:27.964","sev":"info","k":"will-quit","v":"","pid":9492}
{"ts":"2023-08-01T12:43:27.964","sev":"info","k":"app-shutdown","v":"quitApp has been called","pid":9492}
{"ts":"2023-08-01T12:43:27.964","sev":"warn","k":"app-shutdown","v":"quitApp is already in progress, ignoring this call","pid":9492}
{"ts":"2023-08-01T12:43:27.964","sev":"info","k":"app-exit","v":"Exiting from process.exit","pid":9492}
